Using pre-set license
Built from '2020.3/staging' branch; Version is '2020.3.24f1 (79c78de19888) revision 7980941'; Using compiler version '192528614'; Build Type 'Release'
OS: 'Windows 10  (10.0.19042) 64bit Professional' Language: 'en' Physical Memory: 16278 MB
BatchMode: 1, IsHumanControllingUs: 0, StartBugReporterOnCrash: 0, Is64bit: 1, IsPro: 0

COMMAND LINE ARGUMENTS:
C:\Program Files\Unity\Hub\Editor\2020.3.24f1\Editor\Unity.exe
-adb2
-batchMode
-noUpm
-name
AssetImportWorker0
-projectPath
F:/Git/Exterior/Exterior_Interior_Final
-logFile
Logs/AssetImportWorker0.log
-srvPort
51786
Successfully changed project path to: F:/Git/Exterior/Exterior_Interior_Final
F:/Git/Exterior/Exterior_Interior_Final
Using Asset Import Pipeline V2.
Refreshing native plugins compatible for Editor in 74.21 ms, found 2 plugins.
Preloading 0 native plugins for Editor in 0.00 ms.
Initialize engine version: 2020.3.24f1 (79c78de19888)
[Subsystems] Discovering subsystems at path C:/Program Files/Unity/Hub/Editor/2020.3.24f1/Editor/Data/Resources/UnitySubsystems
[Subsystems] Discovering subsystems at path F:/Git/Exterior/Exterior_Interior_Final/Assets
GfxDevice: creating device client; threaded=0
Direct3D:
    Version:  Direct3D 11.0 [level 11.1]
    Renderer: NVIDIA GeForce GTX 1050 Ti (ID=0x1c82)
    Vendor:   
    VRAM:     4018 MB
    Driver:   30.0.14.9649
Initialize mono
Mono path[0] = 'C:/Program Files/Unity/Hub/Editor/2020.3.24f1/Editor/Data/Managed'
Mono path[1] = 'C:/Program Files/Unity/Hub/Editor/2020.3.24f1/Editor/Data/MonoBleedingEdge/lib/mono/unityjit'
Mono config path = 'C:/Program Files/Unity/Hub/Editor/2020.3.24f1/Editor/Data/MonoBleedingEdge/etc'
Using monoOptions --debugger-agent=transport=dt_socket,embedding=1,server=y,suspend=n,address=127.0.0.1:56428
Begin MonoManager ReloadAssembly
Registering precompiled unity dll's ...
Register platform support module: C:/Program Files/Unity/Hub/Editor/2020.3.24f1/Editor/Data/PlaybackEngines/WindowsStandaloneSupport/UnityEditor.WindowsStandalone.Extensions.dll
Registered in 0.001666 seconds.
Native extension for WindowsStandalone target not found
Refreshing native plugins compatible for Editor in 73.70 ms, found 2 plugins.
Preloading 0 native plugins for Editor in 0.00 ms.
Mono: successfully reloaded assembly
- Completed reload, in  0.566 seconds
Domain Reload Profiling:
	ReloadAssembly (566ms)
		BeginReloadAssembly (48ms)
			ExecutionOrderSort (0ms)
			DisableScriptedObjects (0ms)
			BackupInstance (0ms)
			ReleaseScriptingObjects (0ms)
			CreateAndSetChildDomain (1ms)
		EndReloadAssembly (453ms)
			LoadAssemblies (46ms)
			RebuildTransferFunctionScriptingTraits (0ms)
			SetupTypeCache (141ms)
			ReleaseScriptCaches (0ms)
			RebuildScriptCaches (28ms)
			SetupLoadedEditorAssemblies (192ms)
				LogAssemblyErrors (0ms)
				InitializePlatformSupportModulesInManaged (4ms)
				SetLoadedEditorAssemblies (0ms)
				RefreshPlugins (74ms)
				BeforeProcessingInitializeOnLoad (16ms)
				ProcessInitializeOnLoadAttributes (72ms)
				ProcessInitializeOnLoadMethodAttributes (26ms)
				AfterProcessingInitializeOnLoad (0ms)
				EditorAssembliesLoaded (0ms)
			ExecutionOrderSort2 (0ms)
			AwakeInstancesAfterBackupRestoration (0ms)
Platform modules already initialized, skipping
Registering precompiled user dll's ...
Registered in 0.002931 seconds.
Begin MonoManager ReloadAssembly
Symbol file data-00000206071223F0 doesn't match image F:\Git\Exterior\Exterior_Interior_Final\Library\ScriptAssemblies\Unity.VisualEffectGraph.Editor.dll
Symbol file LoadedFromMemory is not a mono symbol file
Symbol file data-0000020606CE0020 doesn't match image F:\Git\Exterior\Exterior_Interior_Final\Library\ScriptAssemblies\Unity.VSCode.Editor.dll
Symbol file LoadedFromMemory is not a mono symbol file
Symbol file data-0000020606D68010 doesn't match image F:\Git\Exterior\Exterior_Interior_Final\Library\ScriptAssemblies\Unity.TextMeshPro.Editor.dll
Symbol file LoadedFromMemory is not a mono symbol file
Symbol file data-0000020606D7D820 doesn't match image F:\Git\Exterior\Exterior_Interior_Final\Library\ScriptAssemblies\Unity.VisualStudio.Editor.dll
Symbol file LoadedFromMemory is not a mono symbol file
Symbol file data-000002060CC22020 doesn't match image F:\Git\Exterior\Exterior_Interior_Final\Library\ScriptAssemblies\Unity.VisualEffectGraph.Runtime.dll
Symbol file LoadedFromMemory is not a mono symbol file
Symbol file data-0000020606E8D010 doesn't match image F:\Git\Exterior\Exterior_Interior_Final\Library\ScriptAssemblies\UnityEngine.TestRunner.dll
Symbol file LoadedFromMemory is not a mono symbol file
Symbol file data-0000020606E8D010 doesn't match image F:\Git\Exterior\Exterior_Interior_Final\Library\ScriptAssemblies\Unity.Timeline.dll
Symbol file LoadedFromMemory is not a mono symbol file
Symbol file data-00000206070F75B0 doesn't match image F:\Git\Exterior\Exterior_Interior_Final\Library\ScriptAssemblies\Unity.TextMeshPro.dll
Symbol file LoadedFromMemory is not a mono symbol file
Symbol file data-000002060B892010 doesn't match image F:\Git\Exterior\Exterior_Interior_Final\Library\ScriptAssemblies\Unity.RenderPipelines.HighDefinition.Runtime.dll
Symbol file LoadedFromMemory is not a mono symbol file
Symbol file data-0000020606CE0020 doesn't match image F:\Git\Exterior\Exterior_Interior_Final\Library\ScriptAssemblies\Unity.Searcher.Editor.dll
Symbol file LoadedFromMemory is not a mono symbol file
Symbol file data-0000020606E95A20 doesn't match image F:\Git\Exterior\Exterior_Interior_Final\Library\ScriptAssemblies\UnityEditor.TestRunner.dll
Symbol file LoadedFromMemory is not a mono symbol file
Symbol file data-000002060BF99050 doesn't match image F:\Git\Exterior\Exterior_Interior_Final\Library\ScriptAssemblies\Unity.ShaderGraph.Utilities.dll
Symbol file LoadedFromMemory is not a mono symbol file
Symbol file data-0000020607656A20 doesn't match image F:\Git\Exterior\Exterior_Interior_Final\Library\ScriptAssemblies\Unity.RenderPipelines.Core.Runtime.dll
Symbol file LoadedFromMemory is not a mono symbol file
Symbol file data-0000020607605010 doesn't match image F:\Git\Exterior\Exterior_Interior_Final\Library\ScriptAssemblies\Unity.RenderPipelines.HighDefinition.Editor.dll
Symbol file LoadedFromMemory is not a mono symbol file
Symbol file data-0000020606D7D820 doesn't match image F:\Git\Exterior\Exterior_Interior_Final\Library\ScriptAssemblies\UnityEditor.UI.dll
Symbol file LoadedFromMemory is not a mono symbol file
Symbol file data-000002060BA24020 doesn't match image F:\Git\Exterior\Exterior_Interior_Final\Library\ScriptAssemblies\Unity.PlasticSCM.Editor.dll
Symbol file LoadedFromMemory is not a mono symbol file
Symbol file data-000002060719AE00 doesn't match image F:\Git\Exterior\Exterior_Interior_Final\Library\ScriptAssemblies\Unity.Rider.Editor.dll
Symbol file LoadedFromMemory is not a mono symbol file
Symbol file data-0000020607086580 doesn't match image F:\Git\Exterior\Exterior_Interior_Final\Library\ScriptAssemblies\Unity.RenderPipelines.Core.ShaderLibrary.dll
Symbol file LoadedFromMemory is not a mono symbol file
Symbol file data-00000206070F75B0 doesn't match image F:\Git\Exterior\Exterior_Interior_Final\Library\ScriptAssemblies\UnityEngine.UI.dll
Symbol file LoadedFromMemory is not a mono symbol file
Symbol file data-000002060B892010 doesn't match image F:\Git\Exterior\Exterior_Interior_Final\Library\ScriptAssemblies\Unity.ShaderGraph.Editor.dll
Symbol file LoadedFromMemory is not a mono symbol file
Symbol file data-0000020606D7D820 doesn't match image F:\Git\Exterior\Exterior_Interior_Final\Library\ScriptAssemblies\Unity.Services.Core.Editor.dll
Symbol file LoadedFromMemory is not a mono symbol file
Symbol file data-0000020607086580 doesn't match image F:\Git\Exterior\Exterior_Interior_Final\Library\ScriptAssemblies\Unity.RenderPipelines.ShaderGraph.ShaderGraphLibrary.dll
Symbol file LoadedFromMemory is not a mono symbol file
Symbol file data-000002060B97C020 doesn't match image F:\Git\Exterior\Exterior_Interior_Final\Library\ScriptAssemblies\Unity.Timeline.Editor.dll
Symbol file LoadedFromMemory is not a mono symbol file
Symbol file data-00000206071055C0 doesn't match image F:\Git\Exterior\Exterior_Interior_Final\Library\ScriptAssemblies\Unity.CollabProxy.Editor.dll
Symbol file LoadedFromMemory is not a mono symbol file
Symbol file data-000002060C364310 doesn't match image F:\Git\Exterior\Exterior_Interior_Final\Library\ScriptAssemblies\Unity.RenderPipelines.HighDefinition.Config.Runtime.dll
Symbol file LoadedFromMemory is not a mono symbol file
Symbol file data-00000206071055C0 doesn't match image F:\Git\Exterior\Exterior_Interior_Final\Library\ScriptAssemblies\Unity.RenderPipelines.Core.Editor.dll
Symbol file LoadedFromMemory is not a mono symbol file
Native extension for WindowsStandalone target not found
Refreshing native plugins compatible for Editor in 77.59 ms, found 2 plugins.
Preloading 0 native plugins for Editor in 0.00 ms.
Mono: successfully reloaded assembly
- Completed reload, in  1.313 seconds
Domain Reload Profiling:
	ReloadAssembly (1314ms)
		BeginReloadAssembly (130ms)
			ExecutionOrderSort (0ms)
			DisableScriptedObjects (4ms)
			BackupInstance (0ms)
			ReleaseScriptingObjects (0ms)
			CreateAndSetChildDomain (17ms)
		EndReloadAssembly (1127ms)
			LoadAssemblies (80ms)
			RebuildTransferFunctionScriptingTraits (0ms)
			SetupTypeCache (333ms)
			ReleaseScriptCaches (1ms)
			RebuildScriptCaches (72ms)
			SetupLoadedEditorAssemblies (527ms)
				LogAssemblyErrors (0ms)
				InitializePlatformSupportModulesInManaged (3ms)
				SetLoadedEditorAssemblies (0ms)
				RefreshPlugins (78ms)
				BeforeProcessingInitializeOnLoad (94ms)
				ProcessInitializeOnLoadAttributes (227ms)
				ProcessInitializeOnLoadMethodAttributes (119ms)
				AfterProcessingInitializeOnLoad (6ms)
				EditorAssembliesLoaded (0ms)
			ExecutionOrderSort2 (0ms)
			AwakeInstancesAfterBackupRestoration (6ms)
Platform modules already initialized, skipping
========================================================================
Worker process is ready to serve import requests
Launched and connected shader compiler UnityShaderCompiler.exe after 0.07 seconds
Refreshing native plugins compatible for Editor in 0.65 ms, found 2 plugins.
Preloading 0 native plugins for Editor in 0.00 ms.
Unloading 3730 Unused Serialized files (Serialized files now loaded: 0)
System memory in use before: 178.2 MB.
System memory in use after: 178.5 MB.

Unloading 20 unused Assets to reduce memory usage. Loaded Objects now: 4181.
Total: 3.449600 ms (FindLiveObjects: 0.308300 ms CreateObjectMapping: 0.138800 ms MarkObjects: 2.926800 ms  DeleteObjects: 0.074800 ms)

AssetImportParameters requested are different than current active one (requested -> active):
  custom:framework-win-MediaFoundation: 216162199b28c13a410421893ffa2e32 -> 
  custom:video-decoder-ogg-theora: a1e56fd34408186e4bbccfd4996cb3dc -> 
  custom:container-muxer-webm: aa71ff27fc2769a1b78a27578f13a17b -> 
  custom:container-demuxer-webm: 4f35f7cbe854078d1ac9338744f61a02 -> 
  custom:container-demuxer-ogg: 62fdf1f143b41e24485cea50d1cbac27 -> 
  custom:video-encoder-webm-vp8: eb34c28f22e8b96e1ab97ce403110664 -> 
  custom:video-decoder-webm-vp8: 9c59270c3fd7afecdb556c50c9e8de78 -> 
  custom:audio-decoder-ogg-vorbis: bf7c407c2cedff20999df2af8eb42d56 -> 
  custom:audio-encoder-webm-vorbis: bf7c407c2cedff20999df2af8eb42d56 -> 
========================================================================
Received Import Request.
  path: Assets/Moom.mat
  artifactKey: Guid(83e23da19a5cd75408af494b92e296cb) Importer(815301076,1909f56bfc062723c751e8b465ee728b)
Start importing Assets/Moom.mat using Guid(83e23da19a5cd75408af494b92e296cb) Importer(815301076,1909f56bfc062723c751e8b465ee728b)  -> (artifact id: '23cf06a0f63e54c86c50657f4bd5efff') in 0.539761 seconds 
  Import took 0.546474 seconds .

========================================================================
Received Import Request.
  Time since last request: 0.000205 seconds.
  path: Assets/moon_PNG9.png
  artifactKey: Guid(ed99bebc2c4cd9240b3fcb2517787d85) Importer(815301076,1909f56bfc062723c751e8b465ee728b)
Start importing Assets/moon_PNG9.png using Guid(ed99bebc2c4cd9240b3fcb2517787d85) Importer(815301076,1909f56bfc062723c751e8b465ee728b)  -> (artifact id: '76d1df09f6963d17889965cf3e951356') in 0.025850 seconds 
  Import took 0.032981 seconds .

========================================================================
Received Import Request.
  Time since last request: 525.269875 seconds.
  path: Assets/Texture/GreatTree
  artifactKey: Guid(0fbf461cffcee7342890e1c6d35f64fe) Importer(815301076,1909f56bfc062723c751e8b465ee728b)
Start importing Assets/Texture/GreatTree using Guid(0fbf461cffcee7342890e1c6d35f64fe) Importer(815301076,1909f56bfc062723c751e8b465ee728b)  -> (artifact id: 'd50b5fbe6a76c4edb5fe3a0b97afe655') in 0.006566 seconds 
  Import took 0.012831 seconds .

========================================================================
Received Import Request.
  Time since last request: 0.091148 seconds.
  path: Assets/Texture/GreatTree/Palace_GreatTree_Palace_GreatTree_BaseMap.png
  artifactKey: Guid(2fb985e8d608ec34798ef755c0a2dba5) Importer(815301076,1909f56bfc062723c751e8b465ee728b)
Start importing Assets/Texture/GreatTree/Palace_GreatTree_Palace_GreatTree_BaseMap.png using Guid(2fb985e8d608ec34798ef755c0a2dba5) Importer(815301076,1909f56bfc062723c751e8b465ee728b)  -> (artifact id: '9e59bd4eba01c3317de178c9c36eb98c') in 0.044574 seconds 
  Import took 0.050320 seconds .

========================================================================
Received Import Request.
  Time since last request: 0.000168 seconds.
  path: Assets/Texture/GreatTree/Palace_GreatTree_Palace_GreatTree_Emissive.png
  artifactKey: Guid(24842b54f1360004e9f22dfb949b3d35) Importer(815301076,1909f56bfc062723c751e8b465ee728b)
Start importing Assets/Texture/GreatTree/Palace_GreatTree_Palace_GreatTree_Emissive.png using Guid(24842b54f1360004e9f22dfb949b3d35) Importer(815301076,1909f56bfc062723c751e8b465ee728b)  -> (artifact id: '83835f223c096d8c47effabf57c835d7') in 0.025321 seconds 
  Import took 0.030758 seconds .

========================================================================
Received Import Request.
  Time since last request: 0.000131 seconds.
  path: Assets/Texture/GreatTree/Palace_GreatTree_Palace_GreatTree_MaskMap.png
  artifactKey: Guid(673c2f214d04d904abf094cf58b78a77) Importer(815301076,1909f56bfc062723c751e8b465ee728b)
Start importing Assets/Texture/GreatTree/Palace_GreatTree_Palace_GreatTree_MaskMap.png using Guid(673c2f214d04d904abf094cf58b78a77) Importer(815301076,1909f56bfc062723c751e8b465ee728b)  -> (artifact id: 'e6a43b4ac0c14ba95d4915fc24cec686') in 0.029201 seconds 
  Import took 0.034437 seconds .

========================================================================
Received Import Request.
  Time since last request: 0.000261 seconds.
  path: Assets/Texture/GreatTree/SakuraLeaf_BaseColor2.png
  artifactKey: Guid(d3ed27b17b9407445881167945829211) Importer(815301076,1909f56bfc062723c751e8b465ee728b)
Start importing Assets/Texture/GreatTree/SakuraLeaf_BaseColor2.png using Guid(d3ed27b17b9407445881167945829211) Importer(815301076,1909f56bfc062723c751e8b465ee728b)  -> (artifact id: '82232018cb813bff899208a36c5e01b5') in 0.021999 seconds 
  Import took 0.027285 seconds .

========================================================================
Received Import Request.
  Time since last request: 0.000165 seconds.
  path: Assets/Texture/GreatTree/SakuraLeaf_Normal.png
  artifactKey: Guid(adea5ef7f46660240ba838d4c12812de) Importer(815301076,1909f56bfc062723c751e8b465ee728b)
Start importing Assets/Texture/GreatTree/SakuraLeaf_Normal.png using Guid(adea5ef7f46660240ba838d4c12812de) Importer(815301076,1909f56bfc062723c751e8b465ee728b)  -> (artifact id: '66c5c04055ac4e2164fef7ec678a6e9c') in 0.010513 seconds 
  Import took 0.016136 seconds .

========================================================================
Received Import Request.
  Time since last request: 0.000198 seconds.
  path: Assets/Texture/GreatTree/Palace_GreatTree_Palace_GreatTree_Emissive1.png
  artifactKey: Guid(8ff6124cdc3861a44b33747533dc510e) Importer(815301076,1909f56bfc062723c751e8b465ee728b)
Start importing Assets/Texture/GreatTree/Palace_GreatTree_Palace_GreatTree_Emissive1.png using Guid(8ff6124cdc3861a44b33747533dc510e) Importer(815301076,1909f56bfc062723c751e8b465ee728b)  -> (artifact id: '2888d1bb805cef6b78f51c6198b0cb8a') in 0.009762 seconds 
  Import took 0.014527 seconds .

========================================================================
Received Import Request.
  Time since last request: 0.000191 seconds.
  path: Assets/Texture/GreatTree/Palace_GreatTree_Palace_GreatTree_Normal.png
  artifactKey: Guid(68ce88d8e351e9c4abe7b994b6493019) Importer(815301076,1909f56bfc062723c751e8b465ee728b)
Start importing Assets/Texture/GreatTree/Palace_GreatTree_Palace_GreatTree_Normal.png using Guid(68ce88d8e351e9c4abe7b994b6493019) Importer(815301076,1909f56bfc062723c751e8b465ee728b)  -> (artifact id: '093befad2129b155321fd27f6dc404e7') in 0.009974 seconds 
  Import took 0.015088 seconds .

========================================================================
Received Prepare
Registering precompiled user dll's ...
Registered in 0.003147 seconds.
Begin MonoManager ReloadAssembly
Symbol file data-00000206071223F0 doesn't match image F:\Git\Exterior\Exterior_Interior_Final\Library\ScriptAssemblies\Unity.VisualEffectGraph.Editor.dll
Symbol file LoadedFromMemory is not a mono symbol file
Symbol file data-000002060CEDDA50 doesn't match image F:\Git\Exterior\Exterior_Interior_Final\Library\ScriptAssemblies\Unity.VSCode.Editor.dll
Symbol file LoadedFromMemory is not a mono symbol file
Symbol file data-000002063EBD9600 doesn't match image F:\Git\Exterior\Exterior_Interior_Final\Library\ScriptAssemblies\Unity.TextMeshPro.Editor.dll
Symbol file LoadedFromMemory is not a mono symbol file
Symbol file data-000002060BF2B020 doesn't match image F:\Git\Exterior\Exterior_Interior_Final\Library\ScriptAssemblies\Unity.VisualStudio.Editor.dll
Symbol file LoadedFromMemory is not a mono symbol file
Symbol file data-000002060CABCF90 doesn't match image F:\Git\Exterior\Exterior_Interior_Final\Library\ScriptAssemblies\Unity.VisualEffectGraph.Runtime.dll
Symbol file LoadedFromMemory is not a mono symbol file
Symbol file data-000002061092F550 doesn't match image F:\Git\Exterior\Exterior_Interior_Final\Library\ScriptAssemblies\UnityEngine.TestRunner.dll
Symbol file LoadedFromMemory is not a mono symbol file
Symbol file data-000002063F21A6B0 doesn't match image F:\Git\Exterior\Exterior_Interior_Final\Library\ScriptAssemblies\Unity.Timeline.dll
Symbol file LoadedFromMemory is not a mono symbol file
Symbol file data-00000206070F75B0 doesn't match image F:\Git\Exterior\Exterior_Interior_Final\Library\ScriptAssemblies\Unity.TextMeshPro.dll
Symbol file LoadedFromMemory is not a mono symbol file
Symbol file data-000002060C0AA010 doesn't match image F:\Git\Exterior\Exterior_Interior_Final\Library\ScriptAssemblies\Unity.RenderPipelines.HighDefinition.Runtime.dll
Symbol file LoadedFromMemory is not a mono symbol file
Symbol file data-00000205DC540220 doesn't match image F:\Git\Exterior\Exterior_Interior_Final\Library\ScriptAssemblies\Unity.Searcher.Editor.dll
Symbol file LoadedFromMemory is not a mono symbol file
Symbol file data-000002061031A030 doesn't match image F:\Git\Exterior\Exterior_Interior_Final\Library\ScriptAssemblies\UnityEditor.TestRunner.dll
Symbol file LoadedFromMemory is not a mono symbol file
Symbol file data-0000020615892410 doesn't match image F:\Git\Exterior\Exterior_Interior_Final\Library\ScriptAssemblies\Unity.ShaderGraph.Utilities.dll
Symbol file LoadedFromMemory is not a mono symbol file
Symbol file data-000002063F17A190 doesn't match image F:\Git\Exterior\Exterior_Interior_Final\Library\ScriptAssemblies\Unity.RenderPipelines.Core.Runtime.dll
Symbol file LoadedFromMemory is not a mono symbol file
Symbol file data-000002060FE28090 doesn't match image F:\Git\Exterior\Exterior_Interior_Final\Library\ScriptAssemblies\Unity.RenderPipelines.HighDefinition.Editor.dll
Symbol file LoadedFromMemory is not a mono symbol file
Symbol file data-000002060FD6BEA0 doesn't match image F:\Git\Exterior\Exterior_Interior_Final\Library\ScriptAssemblies\UnityEditor.UI.dll
Symbol file LoadedFromMemory is not a mono symbol file
Symbol file data-000002060BA24020 doesn't match image F:\Git\Exterior\Exterior_Interior_Final\Library\ScriptAssemblies\Unity.PlasticSCM.Editor.dll
Symbol file LoadedFromMemory is not a mono symbol file
Symbol file data-0000020607414020 doesn't match image F:\Git\Exterior\Exterior_Interior_Final\Library\ScriptAssemblies\Unity.Rider.Editor.dll
Symbol file LoadedFromMemory is not a mono symbol file
Symbol file data-000002063F436A30 doesn't match image F:\Git\Exterior\Exterior_Interior_Final\Library\ScriptAssemblies\Unity.RenderPipelines.Core.ShaderLibrary.dll
Symbol file LoadedFromMemory is not a mono symbol file
Symbol file data-000002064F06E560 doesn't match image F:\Git\Exterior\Exterior_Interior_Final\Library\ScriptAssemblies\UnityEngine.UI.dll
Symbol file LoadedFromMemory is not a mono symbol file
Symbol file data-000002060720D020 doesn't match image F:\Git\Exterior\Exterior_Interior_Final\Library\ScriptAssemblies\Unity.ShaderGraph.Editor.dll
Symbol file LoadedFromMemory is not a mono symbol file
Symbol file data-0000020606E3E790 doesn't match image F:\Git\Exterior\Exterior_Interior_Final\Library\ScriptAssemblies\Unity.Services.Core.Editor.dll
Symbol file LoadedFromMemory is not a mono symbol file
Symbol file data-000002063F4351D0 doesn't match image F:\Git\Exterior\Exterior_Interior_Final\Library\ScriptAssemblies\Unity.RenderPipelines.ShaderGraph.ShaderGraphLibrary.dll
Symbol file LoadedFromMemory is not a mono symbol file
Symbol file data-0000020610D8EEF0 doesn't match image F:\Git\Exterior\Exterior_Interior_Final\Library\ScriptAssemblies\Unity.Timeline.Editor.dll
Symbol file LoadedFromMemory is not a mono symbol file
Symbol file data-000002060BED3010 doesn't match image F:\Git\Exterior\Exterior_Interior_Final\Library\ScriptAssemblies\Unity.CollabProxy.Editor.dll
Symbol file LoadedFromMemory is not a mono symbol file
Symbol file data-000002060C4CC560 doesn't match image F:\Git\Exterior\Exterior_Interior_Final\Library\ScriptAssemblies\Unity.RenderPipelines.HighDefinition.Config.Runtime.dll
Symbol file LoadedFromMemory is not a mono symbol file
Symbol file data-000002064F06E560 doesn't match image F:\Git\Exterior\Exterior_Interior_Final\Library\ScriptAssemblies\Unity.RenderPipelines.Core.Editor.dll
Symbol file LoadedFromMemory is not a mono symbol file
Native extension for WindowsStandalone target not found
Refreshing native plugins compatible for Editor in 0.70 ms, found 2 plugins.
Preloading 0 native plugins for Editor in 0.00 ms.
Mono: successfully reloaded assembly
- Completed reload, in  1.330 seconds
Domain Reload Profiling:
	ReloadAssembly (1331ms)
		BeginReloadAssembly (170ms)
			ExecutionOrderSort (0ms)
			DisableScriptedObjects (27ms)
			BackupInstance (0ms)
			ReleaseScriptingObjects (0ms)
			CreateAndSetChildDomain (45ms)
		EndReloadAssembly (1096ms)
			LoadAssemblies (90ms)
			RebuildTransferFunctionScriptingTraits (0ms)
			SetupTypeCache (349ms)
			ReleaseScriptCaches (1ms)
			RebuildScriptCaches (64ms)
			SetupLoadedEditorAssemblies (348ms)
				LogAssemblyErrors (0ms)
				InitializePlatformSupportModulesInManaged (4ms)
				SetLoadedEditorAssemblies (1ms)
				RefreshPlugins (1ms)
				BeforeProcessingInitializeOnLoad (90ms)
				ProcessInitializeOnLoadAttributes (234ms)
				ProcessInitializeOnLoadMethodAttributes (13ms)
				AfterProcessingInitializeOnLoad (6ms)
				EditorAssembliesLoaded (0ms)
			ExecutionOrderSort2 (0ms)
			AwakeInstancesAfterBackupRestoration (10ms)
Platform modules already initialized, skipping
Refreshing native plugins compatible for Editor in 0.68 ms, found 2 plugins.
Preloading 0 native plugins for Editor in 0.00 ms.
Unloading 3468 Unused Serialized files (Serialized files now loaded: 0)
System memory in use before: 180.4 MB.
System memory in use after: 180.6 MB.

Unloading 15 unused Assets to reduce memory usage. Loaded Objects now: 4358.
Total: 4.593300 ms (FindLiveObjects: 0.424800 ms CreateObjectMapping: 0.243300 ms MarkObjects: 3.904800 ms  DeleteObjects: 0.019400 ms)

AssetImportParameters requested are different than current active one (requested -> active):
  custom:framework-win-MediaFoundation: 216162199b28c13a410421893ffa2e32 -> 
  custom:video-decoder-ogg-theora: a1e56fd34408186e4bbccfd4996cb3dc -> 
  custom:container-muxer-webm: aa71ff27fc2769a1b78a27578f13a17b -> 
  custom:container-demuxer-webm: 4f35f7cbe854078d1ac9338744f61a02 -> 
  custom:container-demuxer-ogg: 62fdf1f143b41e24485cea50d1cbac27 -> 
  custom:video-encoder-webm-vp8: eb34c28f22e8b96e1ab97ce403110664 -> 
  custom:video-decoder-webm-vp8: 9c59270c3fd7afecdb556c50c9e8de78 -> 
  custom:audio-decoder-ogg-vorbis: bf7c407c2cedff20999df2af8eb42d56 -> 
  custom:audio-encoder-webm-vorbis: bf7c407c2cedff20999df2af8eb42d56 -> 
========================================================================
Received Prepare
Registering precompiled user dll's ...
Registered in 0.002731 seconds.
Begin MonoManager ReloadAssembly
Symbol file data-000002064F57B010 doesn't match image F:\Git\Exterior\Exterior_Interior_Final\Library\ScriptAssemblies\Unity.VisualEffectGraph.Editor.dll
Symbol file LoadedFromMemory is not a mono symbol file
Symbol file data-000002064F3D2D00 doesn't match image F:\Git\Exterior\Exterior_Interior_Final\Library\ScriptAssemblies\Unity.VSCode.Editor.dll
Symbol file LoadedFromMemory is not a mono symbol file
Symbol file data-0000020610418020 doesn't match image F:\Git\Exterior\Exterior_Interior_Final\Library\ScriptAssemblies\Unity.TextMeshPro.Editor.dll
Symbol file LoadedFromMemory is not a mono symbol file
Symbol file data-0000020610A5B010 doesn't match image F:\Git\Exterior\Exterior_Interior_Final\Library\ScriptAssemblies\Unity.VisualStudio.Editor.dll
Symbol file LoadedFromMemory is not a mono symbol file
Symbol file data-00000206073C0B10 doesn't match image F:\Git\Exterior\Exterior_Interior_Final\Library\ScriptAssemblies\Unity.VisualEffectGraph.Runtime.dll
Symbol file LoadedFromMemory is not a mono symbol file
Symbol file data-000002060C0FE010 doesn't match image F:\Git\Exterior\Exterior_Interior_Final\Library\ScriptAssemblies\UnityEngine.TestRunner.dll
Symbol file LoadedFromMemory is not a mono symbol file
Symbol file data-000002063EBD9600 doesn't match image F:\Git\Exterior\Exterior_Interior_Final\Library\ScriptAssemblies\Unity.Timeline.dll
Symbol file LoadedFromMemory is not a mono symbol file
Symbol file data-00000206070F75B0 doesn't match image F:\Git\Exterior\Exterior_Interior_Final\Library\ScriptAssemblies\Unity.TextMeshPro.dll
Symbol file LoadedFromMemory is not a mono symbol file
Symbol file data-000002060BD64020 doesn't match image F:\Git\Exterior\Exterior_Interior_Final\Library\ScriptAssemblies\Unity.RenderPipelines.HighDefinition.Runtime.dll
Symbol file LoadedFromMemory is not a mono symbol file
Symbol file data-000002064FE6B010 doesn't match image F:\Git\Exterior\Exterior_Interior_Final\Library\ScriptAssemblies\Unity.Searcher.Editor.dll
Symbol file LoadedFromMemory is not a mono symbol file
Symbol file data-000002064F231F40 doesn't match image F:\Git\Exterior\Exterior_Interior_Final\Library\ScriptAssemblies\UnityEditor.TestRunner.dll
Symbol file LoadedFromMemory is not a mono symbol file
Symbol file data-000002064FB7C1E0 doesn't match image F:\Git\Exterior\Exterior_Interior_Final\Library\ScriptAssemblies\Unity.ShaderGraph.Utilities.dll
Symbol file LoadedFromMemory is not a mono symbol file
Symbol file data-000002063F17A190 doesn't match image F:\Git\Exterior\Exterior_Interior_Final\Library\ScriptAssemblies\Unity.RenderPipelines.Core.Runtime.dll
Symbol file LoadedFromMemory is not a mono symbol file
Symbol file data-0000020607553700 doesn't match image F:\Git\Exterior\Exterior_Interior_Final\Library\ScriptAssemblies\Unity.RenderPipelines.HighDefinition.Editor.dll
Symbol file LoadedFromMemory is not a mono symbol file
Symbol file data-0000020610A5B010 doesn't match image F:\Git\Exterior\Exterior_Interior_Final\Library\ScriptAssemblies\UnityEditor.UI.dll
Symbol file LoadedFromMemory is not a mono symbol file
Symbol file data-000002063F5308A0 doesn't match image F:\Git\Exterior\Exterior_Interior_Final\Library\ScriptAssemblies\Unity.PlasticSCM.Editor.dll
Symbol file LoadedFromMemory is not a mono symbol file
Symbol file data-0000020607414020 doesn't match image F:\Git\Exterior\Exterior_Interior_Final\Library\ScriptAssemblies\Unity.Rider.Editor.dll
Symbol file LoadedFromMemory is not a mono symbol file
Symbol file data-000002064F91E4F0 doesn't match image F:\Git\Exterior\Exterior_Interior_Final\Library\ScriptAssemblies\Unity.RenderPipelines.Core.ShaderLibrary.dll
Symbol file LoadedFromMemory is not a mono symbol file
Symbol file data-000002060CC2C020 doesn't match image F:\Git\Exterior\Exterior_Interior_Final\Library\ScriptAssemblies\UnityEngine.UI.dll
Symbol file LoadedFromMemory is not a mono symbol file
Symbol file data-000002060BD64020 doesn't match image F:\Git\Exterior\Exterior_Interior_Final\Library\ScriptAssemblies\Unity.ShaderGraph.Editor.dll
Symbol file LoadedFromMemory is not a mono symbol file
Symbol file data-000002064F18B4A0 doesn't match image F:\Git\Exterior\Exterior_Interior_Final\Library\ScriptAssemblies\Unity.Services.Core.Editor.dll
Symbol file LoadedFromMemory is not a mono symbol file
Symbol file data-000002064F91E4F0 doesn't match image F:\Git\Exterior\Exterior_Interior_Final\Library\ScriptAssemblies\Unity.RenderPipelines.ShaderGraph.ShaderGraphLibrary.dll
Symbol file LoadedFromMemory is not a mono symbol file
Symbol file data-0000020615BDAFA0 doesn't match image F:\Git\Exterior\Exterior_Interior_Final\Library\ScriptAssemblies\Unity.Timeline.Editor.dll
Symbol file LoadedFromMemory is not a mono symbol file
Symbol file data-000002060C0FE010 doesn't match image F:\Git\Exterior\Exterior_Interior_Final\Library\ScriptAssemblies\Unity.CollabProxy.Editor.dll
Symbol file LoadedFromMemory is not a mono symbol file
Symbol file data-000002060C4CC310 doesn't match image F:\Git\Exterior\Exterior_Interior_Final\Library\ScriptAssemblies\Unity.RenderPipelines.HighDefinition.Config.Runtime.dll
Symbol file LoadedFromMemory is not a mono symbol file
Symbol file data-000002064F06E560 doesn't match image F:\Git\Exterior\Exterior_Interior_Final\Library\ScriptAssemblies\Unity.RenderPipelines.Core.Editor.dll
Symbol file LoadedFromMemory is not a mono symbol file
Native extension for WindowsStandalone target not found
Refreshing native plugins compatible for Editor in 1.05 ms, found 2 plugins.
Preloading 0 native plugins for Editor in 0.00 ms.
Mono: successfully reloaded assembly
- Completed reload, in  1.306 seconds
Domain Reload Profiling:
	ReloadAssembly (1306ms)
		BeginReloadAssembly (123ms)
			ExecutionOrderSort (0ms)
			DisableScriptedObjects (5ms)
			BackupInstance (0ms)
			ReleaseScriptingObjects (0ms)
			CreateAndSetChildDomain (40ms)
		EndReloadAssembly (1119ms)
			LoadAssemblies (87ms)
			RebuildTransferFunctionScriptingTraits (0ms)
			SetupTypeCache (367ms)
			ReleaseScriptCaches (2ms)
			RebuildScriptCaches (74ms)
			SetupLoadedEditorAssemblies (368ms)
				LogAssemblyErrors (0ms)
				InitializePlatformSupportModulesInManaged (4ms)
				SetLoadedEditorAssemblies (0ms)
				RefreshPlugins (1ms)
				BeforeProcessingInitializeOnLoad (95ms)
				ProcessInitializeOnLoadAttributes (248ms)
				ProcessInitializeOnLoadMethodAttributes (14ms)
				AfterProcessingInitializeOnLoad (5ms)
				EditorAssembliesLoaded (0ms)
			ExecutionOrderSort2 (0ms)
			AwakeInstancesAfterBackupRestoration (20ms)
Platform modules already initialized, skipping
Refreshing native plugins compatible for Editor in 0.68 ms, found 2 plugins.
Preloading 0 native plugins for Editor in 0.00 ms.
Unloading 3454 Unused Serialized files (Serialized files now loaded: 0)
System memory in use before: 179.7 MB.
System memory in use after: 179.9 MB.

Unloading 15 unused Assets to reduce memory usage. Loaded Objects now: 4360.
Total: 3.884200 ms (FindLiveObjects: 0.340700 ms CreateObjectMapping: 0.163900 ms MarkObjects: 3.351800 ms  DeleteObjects: 0.026600 ms)

AssetImportParameters requested are different than current active one (requested -> active):
  custom:framework-win-MediaFoundation: 216162199b28c13a410421893ffa2e32 -> 
  custom:video-decoder-ogg-theora: a1e56fd34408186e4bbccfd4996cb3dc -> 
  custom:container-muxer-webm: aa71ff27fc2769a1b78a27578f13a17b -> 
  custom:container-demuxer-webm: 4f35f7cbe854078d1ac9338744f61a02 -> 
  custom:container-demuxer-ogg: 62fdf1f143b41e24485cea50d1cbac27 -> 
  custom:video-encoder-webm-vp8: eb34c28f22e8b96e1ab97ce403110664 -> 
  custom:video-decoder-webm-vp8: 9c59270c3fd7afecdb556c50c9e8de78 -> 
  custom:audio-decoder-ogg-vorbis: bf7c407c2cedff20999df2af8eb42d56 -> 
  custom:audio-encoder-webm-vorbis: bf7c407c2cedff20999df2af8eb42d56 -> 
AssetImportWorkerClient::OnTransportError - code=2 error=End of file
