Using pre-set license
Built from '2020.3/staging' branch; Version is '2020.3.24f1 (79c78de19888) revision 7980941'; Using compiler version '192528614'; Build Type 'Release'
OS: 'Windows 10  (10.0.19042) 64bit Professional' Language: 'en' Physical Memory: 16278 MB
BatchMode: 1, IsHumanControllingUs: 0, StartBugReporterOnCrash: 0, Is64bit: 1, IsPro: 0

COMMAND LINE ARGUMENTS:
C:\Program Files\Unity\Hub\Editor\2020.3.24f1\Editor\Unity.exe
-adb2
-batchMode
-noUpm
-name
AssetImportWorker0
-projectPath
F:/Git/Exterior/Exterior_Interior_Final
-logFile
Logs/AssetImportWorker0.log
-srvPort
60402
Successfully changed project path to: F:/Git/Exterior/Exterior_Interior_Final
F:/Git/Exterior/Exterior_Interior_Final
Using Asset Import Pipeline V2.
Refreshing native plugins compatible for Editor in 74.60 ms, found 2 plugins.
Preloading 0 native plugins for Editor in 0.00 ms.
Initialize engine version: 2020.3.24f1 (79c78de19888)
[Subsystems] Discovering subsystems at path C:/Program Files/Unity/Hub/Editor/2020.3.24f1/Editor/Data/Resources/UnitySubsystems
[Subsystems] Discovering subsystems at path F:/Git/Exterior/Exterior_Interior_Final/Assets
GfxDevice: creating device client; threaded=0
Direct3D:
    Version:  Direct3D 11.0 [level 11.1]
    Renderer: NVIDIA GeForce GTX 1050 Ti (ID=0x1c82)
    Vendor:   
    VRAM:     4018 MB
    Driver:   30.0.14.9649
Initialize mono
Mono path[0] = 'C:/Program Files/Unity/Hub/Editor/2020.3.24f1/Editor/Data/Managed'
Mono path[1] = 'C:/Program Files/Unity/Hub/Editor/2020.3.24f1/Editor/Data/MonoBleedingEdge/lib/mono/unityjit'
Mono config path = 'C:/Program Files/Unity/Hub/Editor/2020.3.24f1/Editor/Data/MonoBleedingEdge/etc'
Using monoOptions --debugger-agent=transport=dt_socket,embedding=1,server=y,suspend=n,address=127.0.0.1:56096
Begin MonoManager ReloadAssembly
Registering precompiled unity dll's ...
Register platform support module: C:/Program Files/Unity/Hub/Editor/2020.3.24f1/Editor/Data/PlaybackEngines/WindowsStandaloneSupport/UnityEditor.WindowsStandalone.Extensions.dll
Registered in 0.001624 seconds.
Native extension for WindowsStandalone target not found
Refreshing native plugins compatible for Editor in 78.79 ms, found 2 plugins.
Preloading 0 native plugins for Editor in 0.00 ms.
Mono: successfully reloaded assembly
- Completed reload, in  0.571 seconds
Domain Reload Profiling:
	ReloadAssembly (572ms)
		BeginReloadAssembly (48ms)
			ExecutionOrderSort (0ms)
			DisableScriptedObjects (0ms)
			BackupInstance (0ms)
			ReleaseScriptingObjects (0ms)
			CreateAndSetChildDomain (1ms)
		EndReloadAssembly (458ms)
			LoadAssemblies (46ms)
			RebuildTransferFunctionScriptingTraits (0ms)
			SetupTypeCache (138ms)
			ReleaseScriptCaches (0ms)
			RebuildScriptCaches (30ms)
			SetupLoadedEditorAssemblies (197ms)
				LogAssemblyErrors (0ms)
				InitializePlatformSupportModulesInManaged (4ms)
				SetLoadedEditorAssemblies (0ms)
				RefreshPlugins (79ms)
				BeforeProcessingInitializeOnLoad (15ms)
				ProcessInitializeOnLoadAttributes (74ms)
				ProcessInitializeOnLoadMethodAttributes (25ms)
				AfterProcessingInitializeOnLoad (0ms)
				EditorAssembliesLoaded (0ms)
			ExecutionOrderSort2 (0ms)
			AwakeInstancesAfterBackupRestoration (0ms)
Platform modules already initialized, skipping
Registering precompiled user dll's ...
Registered in 0.002987 seconds.
Begin MonoManager ReloadAssembly
Symbol file data-00000217F24ED020 doesn't match image F:\Git\Exterior\Exterior_Interior_Final\Library\ScriptAssemblies\Unity.VisualEffectGraph.Editor.dll
Symbol file LoadedFromMemory is not a mono symbol file
Symbol file data-00000217F36E5030 doesn't match image F:\Git\Exterior\Exterior_Interior_Final\Library\ScriptAssemblies\Unity.VSCode.Editor.dll
Symbol file LoadedFromMemory is not a mono symbol file
Symbol file data-00000217EDEE5010 doesn't match image F:\Git\Exterior\Exterior_Interior_Final\Library\ScriptAssemblies\Unity.TextMeshPro.Editor.dll
Symbol file LoadedFromMemory is not a mono symbol file
Symbol file data-00000217ED874030 doesn't match image F:\Git\Exterior\Exterior_Interior_Final\Library\ScriptAssemblies\Unity.VisualStudio.Editor.dll
Symbol file LoadedFromMemory is not a mono symbol file
Symbol file data-00000217F36BB030 doesn't match image F:\Git\Exterior\Exterior_Interior_Final\Library\ScriptAssemblies\Unity.VisualEffectGraph.Runtime.dll
Symbol file LoadedFromMemory is not a mono symbol file
Symbol file data-00000217F32809D0 doesn't match image F:\Git\Exterior\Exterior_Interior_Final\Library\ScriptAssemblies\UnityEngine.TestRunner.dll
Symbol file LoadedFromMemory is not a mono symbol file
Symbol file data-00000217ED4EDE20 doesn't match image F:\Git\Exterior\Exterior_Interior_Final\Library\ScriptAssemblies\Unity.Timeline.dll
Symbol file LoadedFromMemory is not a mono symbol file
Symbol file data-00000217F34C5020 doesn't match image F:\Git\Exterior\Exterior_Interior_Final\Library\ScriptAssemblies\Unity.TextMeshPro.dll
Symbol file LoadedFromMemory is not a mono symbol file
Symbol file data-00000217EDD7F020 doesn't match image F:\Git\Exterior\Exterior_Interior_Final\Library\ScriptAssemblies\Unity.RenderPipelines.HighDefinition.Runtime.dll
Symbol file LoadedFromMemory is not a mono symbol file
Symbol file data-00000217F36E5030 doesn't match image F:\Git\Exterior\Exterior_Interior_Final\Library\ScriptAssemblies\Unity.Searcher.Editor.dll
Symbol file LoadedFromMemory is not a mono symbol file
Symbol file data-00000217ED4EDE20 doesn't match image F:\Git\Exterior\Exterior_Interior_Final\Library\ScriptAssemblies\UnityEditor.TestRunner.dll
Symbol file LoadedFromMemory is not a mono symbol file
Symbol file data-00000217ED6AC1B0 doesn't match image F:\Git\Exterior\Exterior_Interior_Final\Library\ScriptAssemblies\Unity.ShaderGraph.Utilities.dll
Symbol file LoadedFromMemory is not a mono symbol file
Symbol file data-00000217F1E70080 doesn't match image F:\Git\Exterior\Exterior_Interior_Final\Library\ScriptAssemblies\Unity.RenderPipelines.Core.Runtime.dll
Symbol file LoadedFromMemory is not a mono symbol file
Symbol file data-00000217ED5FB8F0 doesn't match image F:\Git\Exterior\Exterior_Interior_Final\Library\ScriptAssemblies\Unity.RenderPipelines.HighDefinition.Editor.dll
Symbol file LoadedFromMemory is not a mono symbol file
Symbol file data-00000217F2C63C20 doesn't match image F:\Git\Exterior\Exterior_Interior_Final\Library\ScriptAssemblies\UnityEditor.UI.dll
Symbol file LoadedFromMemory is not a mono symbol file
Symbol file data-00000217F2305020 doesn't match image F:\Git\Exterior\Exterior_Interior_Final\Library\ScriptAssemblies\Unity.PlasticSCM.Editor.dll
Symbol file LoadedFromMemory is not a mono symbol file
Symbol file data-00000217F302B010 doesn't match image F:\Git\Exterior\Exterior_Interior_Final\Library\ScriptAssemblies\Unity.Rider.Editor.dll
Symbol file LoadedFromMemory is not a mono symbol file
Symbol file data-00000217F2134E30 doesn't match image F:\Git\Exterior\Exterior_Interior_Final\Library\ScriptAssemblies\Unity.RenderPipelines.Core.ShaderLibrary.dll
Symbol file LoadedFromMemory is not a mono symbol file
Symbol file data-00000217F1E966A0 doesn't match image F:\Git\Exterior\Exterior_Interior_Final\Library\ScriptAssemblies\UnityEngine.UI.dll
Symbol file LoadedFromMemory is not a mono symbol file
Symbol file data-00000217EDD7F020 doesn't match image F:\Git\Exterior\Exterior_Interior_Final\Library\ScriptAssemblies\Unity.ShaderGraph.Editor.dll
Symbol file LoadedFromMemory is not a mono symbol file
Symbol file data-00000217F302B010 doesn't match image F:\Git\Exterior\Exterior_Interior_Final\Library\ScriptAssemblies\Unity.Services.Core.Editor.dll
Symbol file LoadedFromMemory is not a mono symbol file
Symbol file data-00000217F2134E30 doesn't match image F:\Git\Exterior\Exterior_Interior_Final\Library\ScriptAssemblies\Unity.RenderPipelines.ShaderGraph.ShaderGraphLibrary.dll
Symbol file LoadedFromMemory is not a mono symbol file
Symbol file data-00000217F22B1020 doesn't match image F:\Git\Exterior\Exterior_Interior_Final\Library\ScriptAssemblies\Unity.Timeline.Editor.dll
Symbol file LoadedFromMemory is not a mono symbol file
Symbol file data-00000217F22D9630 doesn't match image F:\Git\Exterior\Exterior_Interior_Final\Library\ScriptAssemblies\Unity.CollabProxy.Editor.dll
Symbol file LoadedFromMemory is not a mono symbol file
Symbol file data-00000217ED5113B0 doesn't match image F:\Git\Exterior\Exterior_Interior_Final\Library\ScriptAssemblies\Unity.RenderPipelines.HighDefinition.Config.Runtime.dll
Symbol file LoadedFromMemory is not a mono symbol file
Symbol file data-00000217F22D9630 doesn't match image F:\Git\Exterior\Exterior_Interior_Final\Library\ScriptAssemblies\Unity.RenderPipelines.Core.Editor.dll
Symbol file LoadedFromMemory is not a mono symbol file
Native extension for WindowsStandalone target not found
Refreshing native plugins compatible for Editor in 78.78 ms, found 2 plugins.
Preloading 0 native plugins for Editor in 0.00 ms.
Mono: successfully reloaded assembly
- Completed reload, in  1.315 seconds
Domain Reload Profiling:
	ReloadAssembly (1316ms)
		BeginReloadAssembly (129ms)
			ExecutionOrderSort (0ms)
			DisableScriptedObjects (4ms)
			BackupInstance (0ms)
			ReleaseScriptingObjects (0ms)
			CreateAndSetChildDomain (16ms)
		EndReloadAssembly (1128ms)
			LoadAssemblies (82ms)
			RebuildTransferFunctionScriptingTraits (0ms)
			SetupTypeCache (333ms)
			ReleaseScriptCaches (1ms)
			RebuildScriptCaches (72ms)
			SetupLoadedEditorAssemblies (528ms)
				LogAssemblyErrors (0ms)
				InitializePlatformSupportModulesInManaged (3ms)
				SetLoadedEditorAssemblies (0ms)
				RefreshPlugins (79ms)
				BeforeProcessingInitializeOnLoad (94ms)
				ProcessInitializeOnLoadAttributes (226ms)
				ProcessInitializeOnLoadMethodAttributes (121ms)
				AfterProcessingInitializeOnLoad (5ms)
				EditorAssembliesLoaded (0ms)
			ExecutionOrderSort2 (0ms)
			AwakeInstancesAfterBackupRestoration (6ms)
Platform modules already initialized, skipping
========================================================================
Worker process is ready to serve import requests
Launched and connected shader compiler UnityShaderCompiler.exe after 0.06 seconds
Refreshing native plugins compatible for Editor in 0.68 ms, found 2 plugins.
Preloading 0 native plugins for Editor in 0.00 ms.
Unloading 3728 Unused Serialized files (Serialized files now loaded: 0)
System memory in use before: 177.0 MB.
System memory in use after: 177.2 MB.

Unloading 20 unused Assets to reduce memory usage. Loaded Objects now: 4178.
Total: 3.520500 ms (FindLiveObjects: 0.366600 ms CreateObjectMapping: 0.172400 ms MarkObjects: 2.919200 ms  DeleteObjects: 0.061300 ms)

AssetImportParameters requested are different than current active one (requested -> active):
  custom:framework-win-MediaFoundation: 216162199b28c13a410421893ffa2e32 -> 
  custom:video-decoder-ogg-theora: a1e56fd34408186e4bbccfd4996cb3dc -> 
  custom:container-muxer-webm: aa71ff27fc2769a1b78a27578f13a17b -> 
  custom:container-demuxer-webm: 4f35f7cbe854078d1ac9338744f61a02 -> 
  custom:container-demuxer-ogg: 62fdf1f143b41e24485cea50d1cbac27 -> 
  custom:video-encoder-webm-vp8: eb34c28f22e8b96e1ab97ce403110664 -> 
  custom:video-decoder-webm-vp8: 9c59270c3fd7afecdb556c50c9e8de78 -> 
  custom:audio-decoder-ogg-vorbis: bf7c407c2cedff20999df2af8eb42d56 -> 
  custom:audio-encoder-webm-vorbis: bf7c407c2cedff20999df2af8eb42d56 -> 
========================================================================
Received Import Request.
  path: Assets/Palace_Ladder.fbx
  artifactKey: Guid(c6f6c5ec6b4b26940babf649fff3a6dc) Importer(815301076,1909f56bfc062723c751e8b465ee728b)
Start importing Assets/Palace_Ladder.fbx using Guid(c6f6c5ec6b4b26940babf649fff3a6dc) Importer(815301076,1909f56bfc062723c751e8b465ee728b)  -> (artifact id: '74f4949892334050659b8f741bcee1ef') in 0.644200 seconds 
  Import took 0.651311 seconds .

========================================================================
Received Import Request.
  Time since last request: 0.000191 seconds.
  path: Assets/Final_Scenery.fbx
  artifactKey: Guid(0ff8f40aaed42014c9bfe408ce67f278) Importer(815301076,1909f56bfc062723c751e8b465ee728b)
Start importing Assets/Final_Scenery.fbx using Guid(0ff8f40aaed42014c9bfe408ce67f278) Importer(815301076,1909f56bfc062723c751e8b465ee728b)  -> (artifact id: 'd24aa81c0b9529ce26380594f4f85724') in 1.102272 seconds 
  Import took 1.114364 seconds .

========================================================================
Received Import Request.
  Time since last request: 641.642300 seconds.
  path: Assets/GrassSway.shadergraph
  artifactKey: Guid(e139a1108a893344b995babcc0a23c9b) Importer(815301076,1909f56bfc062723c751e8b465ee728b)
Start importing Assets/GrassSway.shadergraph using Guid(e139a1108a893344b995babcc0a23c9b) Importer(815301076,1909f56bfc062723c751e8b465ee728b)  -> (artifact id: '9d643672d9a5b3d95388e31f1804a607') in 0.011645 seconds 
  Import took 0.019985 seconds .

========================================================================
Received Import Request.
  Time since last request: 140.706877 seconds.
  path: Assets/GrassSway1.shadergraph
  artifactKey: Guid(5b404c41cc191cd46860485ac98c72d5) Importer(815301076,1909f56bfc062723c751e8b465ee728b)
Start importing Assets/GrassSway1.shadergraph using Guid(5b404c41cc191cd46860485ac98c72d5) Importer(815301076,1909f56bfc062723c751e8b465ee728b)  -> (artifact id: '43f4aed72e1bf675a1f81ceec2f07b2a') in 0.009171 seconds 
  Import took 0.015730 seconds .

AssetImportWorkerClient::OnTransportError - code=2 error=End of file
